\BOOKMARK [0][-]{chapter*.5}{\332vod}{}% 1
\BOOKMARK [0][-]{chapter.1}{Z\341kladn\351 pojmy a defin\355cie}{}% 2
\BOOKMARK [1][-]{section.1.1}{Magick\351 \372tvary}{chapter.1}% 3
\BOOKMARK [2][-]{subsection.1.1.1}{Magick\351 \235tvorce}{section.1.1}% 4
\BOOKMARK [2][-]{subsection.1.1.2}{Magick\351 obdl\236niky}{section.1.1}% 5
\BOOKMARK [2][-]{subsection.1.1.3}{Magick\351 grafy}{section.1.1}% 6
\BOOKMARK [1][-]{section.1.2}{Multiplikat\355vne \372tvary}{chapter.1}% 7
\BOOKMARK [1][-]{section.1.3}{Bimagick\351 \372tvary}{chapter.1}% 8
\BOOKMARK [1][-]{section.1.4}{Multiplikat\355vne magick\351 \372tvary}{chapter.1}% 9
\BOOKMARK [0][-]{chapter.2}{Otvoren\351 probl\351my}{}% 10
\BOOKMARK [1][-]{section.2.1}{Magick\351 grafy}{chapter.2}% 11
\BOOKMARK [1][-]{section.2.2}{Magick\351 \235tvorce}{chapter.2}% 12
\BOOKMARK [1][-]{section.2.3}{Bimagick\351 \235tvorce}{chapter.2}% 13
\BOOKMARK [1][-]{section.2.4}{Multiplikat\355vne magick\351 \235tvorce}{chapter.2}% 14
\BOOKMARK [0][-]{chapter.3}{Nov\351 probl\351my}{}% 15
\BOOKMARK [1][-]{section.3.1}{Bimagick\351 obdl\236niky}{chapter.3}% 16
\BOOKMARK [1][-]{section.3.2}{Multiplikat\355vne magick\351 obdl\236niky}{chapter.3}% 17
\BOOKMARK [1][-]{section.3.3}{Bimagick\351 grafy}{chapter.3}% 18
\BOOKMARK [2][-]{subsection.3.3.1}{Vrcholovo bimagick\351 grafy}{section.3.3}% 19
\BOOKMARK [2][-]{subsection.3.3.2}{Hranovo bimagick\351 grafy}{section.3.3}% 20
\BOOKMARK [1][-]{section.3.4}{Multiplikat\355vne magick\351 grafy}{chapter.3}% 21
\BOOKMARK [2][-]{subsection.3.4.1}{Vrcholovo multiplikat\355vne magick\351 grafy}{section.3.4}% 22
\BOOKMARK [2][-]{subsection.3.4.2}{Hranovo multiplikat\355vne magick\351 grafy}{section.3.4}% 23
\BOOKMARK [0][-]{chapter.4}{Implement\341cia}{}% 24
\BOOKMARK [0][-]{chapter.5}{V\375sledky}{}% 25
\BOOKMARK [0][-]{chapter*.6}{Z\341ver}{}% 26
