This is pdfTeX, Version 3.14159265-2.6-1.40.20 (MiKTeX 2.9.7250 64-bit) (preloaded format=pdflatex 2019.12.1)  19 JAN 2021 16:49
entering extended mode
**./main-en.tex
(main-en.tex
LaTeX2e <2019-10-01> patch level 3
("C:\Users\biror\AppData\Local\Programs\MiKTeX 2.9\tex/latex/base\book.cls"
Document Class: book 2019/10/25 v1.4k Standard LaTeX document class
("C:\Users\biror\AppData\Local\Programs\MiKTeX 2.9\tex/latex/base\bk12.clo"
File: bk12.clo 2019/10/25 v1.4k Standard LaTeX file (size option)
)
\c@part=\count80
\c@chapter=\count81
\c@section=\count82
\c@subsection=\count83
\c@subsubsection=\count84
\c@paragraph=\count85
\c@subparagraph=\count86
\c@figure=\count87
\c@table=\count88
\abovecaptionskip=\skip41
\belowcaptionskip=\skip42
\bibindent=\dimen102
)
("C:\Users\biror\AppData\Local\Programs\MiKTeX 2.9\tex/latex/geometry\geometry.
sty"
Package: geometry 2020/01/02 v5.9 Page Geometry

("C:\Users\biror\AppData\Local\Programs\MiKTeX 2.9\tex/latex/graphics\keyval.st
y"
Package: keyval 2014/10/28 v1.15 key=value parser (DPC)
\KV@toks@=\toks14
)
("C:\Users\biror\AppData\Local\Programs\MiKTeX 2.9\tex/generic/iftex\ifvtex.sty
"
Package: ifvtex 2019/10/25 v1.7 ifvtex legacy package. Use iftex instead.
 ("C:\Users\biror\AppData\Local\Programs\MiKTeX 2.9\tex/generic/iftex\iftex.sty
"
Package: iftex 2019/11/07 v1.0c TeX engine tests
))
\Gm@cnth=\count89
\Gm@cntv=\count90
\c@Gm@tempcnt=\count91
\Gm@bindingoffset=\dimen103
\Gm@wd@mp=\dimen104
\Gm@odd@mp=\dimen105
\Gm@even@mp=\dimen106
\Gm@layoutwidth=\dimen107
\Gm@layoutheight=\dimen108
\Gm@layouthoffset=\dimen109
\Gm@layoutvoffset=\dimen110
\Gm@dimlist=\toks15

("C:\Users\biror\AppData\Local\Programs\MiKTeX 2.9\tex/latex/geometry\geometry.
cfg"))
("C:\Users\biror\AppData\Local\Programs\MiKTeX 2.9\tex/latex/base\inputenc.sty"
Package: inputenc 2018/08/11 v1.3c Input encoding file
\inpenc@prehook=\toks16
\inpenc@posthook=\toks17
) ("C:\Users\biror\AppData\Local\Programs\MiKTeX 2.9\tex/latex/base\fontenc.sty
"
Package: fontenc 2018/08/11 v2.0j Standard LaTeX package
 ("C:\Users\biror\AppData\Local\Programs\MiKTeX 2.9\tex/latex/base\t1enc.def"
File: t1enc.def 2018/08/11 v2.0j Standard LaTeX file
LaTeX Font Info:    Redeclaring font encoding T1 on input line 48.
))
("C:\Users\biror\AppData\Local\Programs\MiKTeX 2.9\tex/latex/graphics\graphicx.
sty"
Package: graphicx 2017/06/01 v1.1a Enhanced LaTeX Graphics (DPC,SPQR)

("C:\Users\biror\AppData\Local\Programs\MiKTeX 2.9\tex/latex/graphics\graphics.
sty"
Package: graphics 2019/11/01 v1.3d Standard LaTeX Graphics (DPC,SPQR)

("C:\Users\biror\AppData\Local\Programs\MiKTeX 2.9\tex/latex/graphics\trig.sty"
Package: trig 2016/01/03 v1.10 sin cos tan (DPC)
)
("C:\Users\biror\AppData\Local\Programs\MiKTeX 2.9\tex/latex/graphics-cfg\graph
ics.cfg"
File: graphics.cfg 2016/06/04 v1.11 sample graphics configuration
)
Package graphics Info: Driver file: pdftex.def on input line 105.

("C:\Users\biror\AppData\Local\Programs\MiKTeX 2.9\tex/latex/graphics-def\pdfte
x.def"
File: pdftex.def 2018/01/08 v1.0l Graphics/color driver for pdftex
))
\Gin@req@height=\dimen111
\Gin@req@width=\dimen112
)
("C:\Users\biror\AppData\Local\Programs\MiKTeX 2.9\tex/latex/url\url.sty"
\Urlmuskip=\muskip10
Package: url 2013/09/16  ver 3.4  Verb mode for urls, etc.
)
("C:\Users\biror\AppData\Local\Programs\MiKTeX 2.9\tex/latex/hyperref\hyperref.
sty"
Package: hyperref 2019/11/10 v7.00c Hypertext links for LaTeX

("C:\Users\biror\AppData\Local\Programs\MiKTeX 2.9\tex/generic/oberdiek\ltxcmds
.sty"
Package: ltxcmds 2016/05/16 v1.23 LaTeX kernel commands for general use (HO)
)
("C:\Users\biror\AppData\Local\Programs\MiKTeX 2.9\tex/latex/pdftexcmds\pdftexc
mds.sty"
Package: pdftexcmds 2019/11/24 v0.31 Utility functions of pdfTeX for LuaTeX (HO
)

("C:\Users\biror\AppData\Local\Programs\MiKTeX 2.9\tex/generic/oberdiek\infware
rr.sty"
Package: infwarerr 2016/05/16 v1.4 Providing info/warning/error messages (HO)
)
Package pdftexcmds Info: \pdf@primitive is available.
Package pdftexcmds Info: \pdf@ifprimitive is available.
Package pdftexcmds Info: \pdfdraftmode found.
)
("C:\Users\biror\AppData\Local\Programs\MiKTeX 2.9\tex/generic/oberdiek\kvsetke
ys.sty"
Package: kvsetkeys 2016/05/16 v1.17 Key value parser (HO)

("C:\Users\biror\AppData\Local\Programs\MiKTeX 2.9\tex/generic/oberdiek\etexcmd
s.sty"
Package: etexcmds 2016/05/16 v1.6 Avoid name clashes with e-TeX commands (HO)

("C:\Users\biror\AppData\Local\Programs\MiKTeX 2.9\tex/generic/iftex\ifluatex.s
ty"
Package: ifluatex 2019/10/25 v1.5 ifluatex legacy package. Use iftex instead.
)))
("C:\Users\biror\AppData\Local\Programs\MiKTeX 2.9\tex/generic/oberdiek\kvdefin
ekeys.sty"
Package: kvdefinekeys 2016/05/16 v1.4 Define keys (HO)
)
("C:\Users\biror\AppData\Local\Programs\MiKTeX 2.9\tex/generic/oberdiek\pdfesca
pe.sty"
Package: pdfescape 2016/05/16 v1.14 Implements pdfTeX's escape features (HO)
)
("C:\Users\biror\AppData\Local\Programs\MiKTeX 2.9\tex/latex/oberdiek\hycolor.s
ty"
Package: hycolor 2016/05/16 v1.8 Color options for hyperref/bookmark (HO)

("C:\Users\biror\AppData\Local\Programs\MiKTeX 2.9\tex/latex/oberdiek\xcolor-pa
tch.sty"
Package: xcolor-patch 2016/05/16 xcolor patch

("C:\Users\biror\AppData\Local\Programs\MiKTeX 2.9\tex/latex/oberdiek\hopatch.s
ty"
Package: hopatch 2016/05/16 v1.3 Wrapper for package hooks (HO)
)))
("C:\Users\biror\AppData\Local\Programs\MiKTeX 2.9\tex/latex/oberdiek\letltxmac
ro.sty"
Package: letltxmacro 2016/05/16 v1.5 Let assignment for LaTeX macros (HO)
)
("C:\Users\biror\AppData\Local\Programs\MiKTeX 2.9\tex/latex/oberdiek\auxhook.s
ty"
Package: auxhook 2016/05/16 v1.4 Hooks for auxiliary files (HO)
)
("C:\Users\biror\AppData\Local\Programs\MiKTeX 2.9\tex/latex/oberdiek\kvoptions
.sty"
Package: kvoptions 2016/05/16 v3.12 Key value format for package options (HO)
)
\@linkdim=\dimen113
\Hy@linkcounter=\count92
\Hy@pagecounter=\count93

("C:\Users\biror\AppData\Local\Programs\MiKTeX 2.9\tex/latex/hyperref\pd1enc.de
f"
File: pd1enc.def 2019/11/10 v7.00c Hyperref: PDFDocEncoding definition (HO)
Now handling font encoding PD1 ...
... no UTF-8 mapping file for font encoding PD1
)
("C:\Users\biror\AppData\Local\Programs\MiKTeX 2.9\tex/generic/oberdiek\intcalc
.sty"
Package: intcalc 2016/05/16 v1.2 Expandable calculations with integers (HO)
)
\Hy@SavedSpaceFactor=\count94

("C:\Users\biror\AppData\Local\Programs\MiKTeX 2.9\tex/latex/00miktex\hyperref.
cfg"
File: hyperref.cfg 2002/06/06 v1.2 hyperref configuration of TeXLive
)
Package hyperref Info: Option `breaklinks' set `true' on input line 4409.
Package hyperref Info: Hyper figures OFF on input line 4535.
Package hyperref Info: Link nesting OFF on input line 4540.
Package hyperref Info: Hyper index ON on input line 4543.
Package hyperref Info: Plain pages OFF on input line 4550.
Package hyperref Info: Backreferencing OFF on input line 4555.
Package hyperref Info: Implicit mode ON; LaTeX internals redefined.
Package hyperref Info: Bookmarks ON on input line 4788.
\c@Hy@tempcnt=\count95
LaTeX Info: Redefining \url on input line 5147.
\XeTeXLinkMargin=\dimen114

("C:\Users\biror\AppData\Local\Programs\MiKTeX 2.9\tex/generic/oberdiek\bitset.
sty"
Package: bitset 2016/05/16 v1.2 Handle bit-vector datatype (HO)

("C:\Users\biror\AppData\Local\Programs\MiKTeX 2.9\tex/generic/oberdiek\bigintc
alc.sty"
Package: bigintcalc 2016/05/16 v1.4 Expandable calculations on big integers (HO
)
))
\Fld@menulength=\count96
\Field@Width=\dimen115
\Fld@charsize=\dimen116
Package hyperref Info: Hyper figures OFF on input line 6418.
Package hyperref Info: Link nesting OFF on input line 6423.
Package hyperref Info: Hyper index ON on input line 6426.
Package hyperref Info: backreferencing OFF on input line 6433.
Package hyperref Info: Link coloring OFF on input line 6438.
Package hyperref Info: Link coloring with OCG OFF on input line 6443.
Package hyperref Info: PDF/A mode OFF on input line 6448.
LaTeX Info: Redefining \ref on input line 6488.
LaTeX Info: Redefining \pageref on input line 6492.

("C:\Users\biror\AppData\Local\Programs\MiKTeX 2.9\tex/generic/oberdiek\atbegsh
i.sty"
Package: atbegshi 2016/06/09 v1.18 At begin shipout hook (HO)

("C:\Users\biror\AppData\Local\Programs\MiKTeX 2.9\tex/generic/iftex\ifpdf.sty"
Package: ifpdf 2019/10/25 v3.4 ifpdf legacy package. Use iftex instead.
))
\Hy@abspage=\count97
\c@Item=\count98
\c@Hfootnote=\count99
)
Package hyperref Info: Driver (autodetected): hpdftex.

("C:\Users\biror\AppData\Local\Programs\MiKTeX 2.9\tex/latex/hyperref\hpdftex.d
ef"
File: hpdftex.def 2019/11/10 v7.00c Hyperref driver for pdfTeX

("C:\Users\biror\AppData\Local\Programs\MiKTeX 2.9\tex/latex/oberdiek\atveryend
.sty"
Package: atveryend 2016/05/16 v1.9 Hooks at the very end of document (HO)
Package atveryend Info: \enddocument detected (standard20110627).
)
\Fld@listcount=\count100
\c@bookmark@seq@number=\count101

("C:\Users\biror\AppData\Local\Programs\MiKTeX 2.9\tex/latex/oberdiek\rerunfile
check.sty"
Package: rerunfilecheck 2016/05/16 v1.8 Rerun checks for auxiliary files (HO)

("C:\Users\biror\AppData\Local\Programs\MiKTeX 2.9\tex/generic/oberdiek\uniquec
ounter.sty"
Package: uniquecounter 2016/05/16 v1.3 Provide unlimited unique counter (HO)
)
Package uniquecounter Info: New unique counter `rerunfilecheck' on input line 2
85.
)
\Hy@SectionHShift=\skip43
) (main-en.aux)
\openout1 = `main-en.aux'.

LaTeX Font Info:    Checking defaults for OML/cmm/m/it on input line 37.
LaTeX Font Info:    ... okay on input line 37.
LaTeX Font Info:    Checking defaults for T1/cmr/m/n on input line 37.
LaTeX Font Info:    ... okay on input line 37.
LaTeX Font Info:    Checking defaults for OT1/cmr/m/n on input line 37.
LaTeX Font Info:    ... okay on input line 37.
LaTeX Font Info:    Checking defaults for OMS/cmsy/m/n on input line 37.
LaTeX Font Info:    ... okay on input line 37.
LaTeX Font Info:    Checking defaults for OMX/cmex/m/n on input line 37.
LaTeX Font Info:    ... okay on input line 37.
LaTeX Font Info:    Checking defaults for U/cmr/m/n on input line 37.
LaTeX Font Info:    ... okay on input line 37.
LaTeX Font Info:    Checking defaults for PD1/pdf/m/n on input line 37.
LaTeX Font Info:    ... okay on input line 37.

*geometry* driver: auto-detecting
*geometry* detected driver: pdftex
*geometry* verbose mode - [ preamble ] result:
* driver: pdftex
* paper: a4paper
* layout: <same size as paper>
* layoutoffset:(h,v)=(0.0pt,0.0pt)
* modes: twoside 
* h-part:(L,W,R)=(99.58464pt, 441.01773pt, 56.9055pt)
* v-part:(T,H,B)=(71.13188pt, 702.78308pt, 71.13188pt)
* \paperwidth=597.50787pt
* \paperheight=845.04684pt
* \textwidth=441.01773pt
* \textheight=702.78308pt
* \oddsidemargin=27.31465pt
* \evensidemargin=-15.36449pt
* \topmargin=-33.0119pt
* \headheight=12.0pt
* \headsep=19.8738pt
* \topskip=12.0pt
* \footskip=30.0pt
* \marginparwidth=98.0pt
* \marginparsep=7.0pt
* \columnsep=10.0pt
* \skip\footins=10.8pt plus 4.0pt minus 2.0pt
* \hoffset=0.0pt
* \voffset=0.0pt
* \mag=1000
* \@twocolumnfalse
* \@twosidetrue
* \@mparswitchtrue
* \@reversemarginfalse
* (1in=72.27pt=25.4mm, 1cm=28.453pt)


("C:\Users\biror\AppData\Local\Programs\MiKTeX 2.9\tex/context/base/mkii\supp-p
df.mkii"
[Loading MPS to PDF converter (version 2006.09.02).]
\scratchcounter=\count102
\scratchdimen=\dimen117
\scratchbox=\box27
\nofMPsegments=\count103
\nofMParguments=\count104
\everyMPshowfont=\toks18
\MPscratchCnt=\count105
\MPscratchDim=\dimen118
\MPnumerator=\count106
\makeMPintoPDFobject=\count107
\everyMPtoPDFconversion=\toks19
)
("C:\Users\biror\AppData\Local\Programs\MiKTeX 2.9\tex/latex/epstopdf-pkg\epsto
pdf-base.sty"
Package: epstopdf-base 2019/11/24 v2.7 Base part for package epstopdf

("C:\Users\biror\AppData\Local\Programs\MiKTeX 2.9\tex/latex/oberdiek\grfext.st
y"
Package: grfext 2016/05/16 v1.2 Manage graphics extensions (HO)
)
Package epstopdf-base Info: Redefining graphics rule for `.eps' on input line 4
42.
Package grfext Info: Graphics extension search list:
(grfext)             [.pdf,.png,.jpg,.mps,.jpeg,.jbig2,.jb2,.PDF,.PNG,.JPG,.JPE
G,.JBIG2,.JB2,.eps]
(grfext)             \AppendGraphicsExtensions on input line 460.
)
\AtBeginShipoutBox=\box28
Package hyperref Info: Link coloring OFF on input line 37.

("C:\Users\biror\AppData\Local\Programs\MiKTeX 2.9\tex/latex/hyperref\nameref.s
ty"
Package: nameref 2019/09/16 v2.46 Cross-referencing by name of section

("C:\Users\biror\AppData\Local\Programs\MiKTeX 2.9\tex/latex/oberdiek\refcount.
sty"
Package: refcount 2016/05/16 v3.5 Data extraction from label references (HO)
)
("C:\Users\biror\AppData\Local\Programs\MiKTeX 2.9\tex/generic/oberdiek\gettitl
estring.sty"
Package: gettitlestring 2016/05/16 v1.5 Cleanup title references (HO)
)
\c@section@level=\count108
)
LaTeX Info: Redefining \ref on input line 37.
LaTeX Info: Redefining \pageref on input line 37.
LaTeX Info: Redefining \nameref on input line 37.
 (main-en.out) (main-en.out)
\@outlinefile=\write3
\openout3 = `main-en.out'.

 [1


{C:/Users/biror/AppData/Local/MiKTeX/2.9/pdftex/config/pdftex.map}] [2

]
LaTeX Font Info:    External font `cmex10' loaded for size
(Font)              <12> on input line 89.
LaTeX Font Info:    External font `cmex10' loaded for size
(Font)              <8> on input line 89.
LaTeX Font Info:    External font `cmex10' loaded for size
(Font)              <6> on input line 89.
 [3] [4

]
<images/zadanie.pdf, id=27, 597.50731pt x 845.04607pt>
File: images/zadanie.pdf Graphic file (type pdf)
<use images/zadanie.pdf>
Package pdftex.def Info: images/zadanie.pdf  used on input line 116.
(pdftex.def)             Requested size: 485.1222pt x 686.09537pt.

Overfull \hbox (4.82378pt too wide) in paragraph at lines 116--117
[] [] 
 []

<images/zadanie-en.pdf, id=28, 455.24277pt x 616.25803pt>
File: images/zadanie-en.pdf Graphic file (type pdf)
<use images/zadanie-en.pdf>
Package pdftex.def Info: images/zadanie-en.pdf  used on input line 118.
(pdftex.def)             Requested size: 485.1222pt x 656.73784pt.

Overfull \hbox (4.82378pt too wide) in paragraph at lines 118--119
[] [] 
 []


Underfull \vbox (badness 10000) has occurred while \output is active []

 [5 <./images/zadanie.pdf>] [6 <./images/zadanie-en.pdf>]pdfTeX warning (ext4):
 destination with the same identifier (name{page.iii}) has been already used, d
uplicate ignored
<to be read again> 
                   \relax 
l.141 \newpage
               [3

]pdfTeX warning (ext4): destination with the same identifier (name{page.iv}) ha
s been already used, duplicate ignored
<to be read again> 
                   \relax 
l.157 \newpage
               [4]pdfTeX warning (ext4): destination with the same identifier (
name{page.v}) has been already used, duplicate ignored
<to be read again> 
                   \relax 
l.190 \newpage
               [5]pdfTeX warning (ext4): destination with the same identifier (
name{page.vi}) has been already used, duplicate ignored
<to be read again> 
                   \relax 
l.192 \tableofcontents
                       [6

] (main-en.toc)
\tf@toc=\write4
\openout4 = `main-en.toc'.

 [7] [8

] (main-en.lof)
\tf@lof=\write5
\openout5 = `main-en.lof'.

 [9] [10

]
(main-en.lot)
\tf@lot=\write6
\openout6 = `main-en.lot'.

 [11] [12

]
Chapter 1.
[1

] [2

] (main-en.bbl
LaTeX Font Info:    Trying to load font information for T1+cmtt on input line 4
6.

("C:\Users\biror\AppData\Local\Programs\MiKTeX 2.9\tex/latex/base\t1cmtt.fd"
File: t1cmtt.fd 2014/09/29 v2.5h Standard LaTeX font definitions
))
Package atveryend Info: Empty hook `BeforeClearDocument' on input line 272.

[3


]
Package atveryend Info: Empty hook `AfterLastShipout' on input line 272.
 (main-en.aux)
Package atveryend Info: Executing hook `AtVeryEndDocument' on input line 272.
Package atveryend Info: Executing hook `AtEndAfterFileList' on input line 272.
Package rerunfilecheck Info: File `main-en.out' has not changed.
(rerunfilecheck)             Checksum: 3F0AC894D0CE8E1737032FB4163AA0A5;48.
Package atveryend Info: Empty hook `AtVeryVeryEnd' on input line 272.
 ) 
Here is how much of TeX's memory you used:
 5921 strings out of 492484
 90492 string characters out of 3121601
 180839 words of memory out of 3000000
 10130 multiletter control sequences out of 15000+200000
 14853 words of font info for 35 fonts, out of 3000000 for 9000
 1141 hyphenation exceptions out of 8191
 39i,6n,27p,311b,313s stack positions out of 5000i,500n,10000p,200000b,50000s
 <C:\Users\biror\AppData\Local\MiKTeX\2.9\fonts/pk/ljfour/jknappen/ec/dpi600\
ectt1200.pk> <C:\Users\biror\AppData\Local\MiKTeX\2.9\fonts/pk/ljfour/jknappen/
ec/dpi600\ecti1200.pk> <C:\Users\biror\AppData\Local\MiKTeX\2.9\fonts/pk/ljfour
/jknappen/ec/dpi600\ecsl1200.pk> <C:\Users\biror\AppData\Local\MiKTeX\2.9\fonts
/pk/ljfour/jknappen/ec/dpi600\ecbx2488.pk> <C:\Users\biror\AppData\Local\MiKTeX
\2.9\fonts/pk/ljfour/jknappen/ec/dpi600\ecbx1728.pk> <C:\Users\biror\AppData\Lo
cal\MiKTeX\2.9\fonts/pk/ljfour/jknappen/ec/dpi600\ecbx1200.pk> <C:\Users\biror\
AppData\Local\MiKTeX\2.9\fonts/pk/ljfour/jknappen/ec/dpi600\ecrm1200.pk> <C:\Us
ers\biror\AppData\Local\MiKTeX\2.9\fonts/pk/ljfour/jknappen/ec/dpi600\eccc2074.
pk> <C:\Users\biror\AppData\Local\MiKTeX\2.9\fonts/pk/ljfour/jknappen/ec/dpi600
\eccc1440.pk>
Output written on main-en.pdf (19 pages, 263157 bytes).
PDF statistics:
 510 PDF objects out of 1000 (max. 8388607)
 31 named destinations out of 1000 (max. 500000)
 19 words of extra memory for PDF output out of 10000 (max. 10000000)

